<?xml version="1.0" encoding="UTF-8"?>
<!-- Generated by org.testng.reporters.JUnitXMLReporter -->
<testsuite ignored="0" hostname="int-ntkhanh-laptop" failures="0" tests="5" name="Screenshot Tests" time="22.421" errors="0" timestamp="2026-05-06T10:12:33 ICT">
  <testcase classname="tests.ScreenshotTest" name="TC01_screenshotLoginPage" time="0.168"/>
  <testcase classname="tests.ScreenshotTest" name="TC02_screenshotLoginFailed" time="0.182"/>
  <testcase classname="tests.ScreenshotTest" name="TC03_screenshotLoginSuccess" time="1.026"/>
  <testcase classname="tests.ScreenshotTest" name="TC04_screenshotLoginFailedWithWrongPassword" time="0.183"/>
  <testcase classname="tests.ScreenshotTest" name="TC05_screenshotElementErrorMsg" time="0.193"/>
</testsuite> <!-- Screenshot Tests -->
