<?xml version="1.0" encoding="UTF-8"?>
<!-- Generated by org.testng.reporters.JUnitXMLReporter -->
<testsuite ignored="0" hostname="int-ntkhanh-laptop" failures="0" tests="2" name="UI Tests" time="16.963" errors="0" timestamp="2026-04-21T21:48:42 ICT">
  <testcase classname="tests.NestedFrameTest" name="TC01_clickHereInParentFrameAndVerifyText" time="0.134"/>
  <testcase classname="tests.NestedFrameTest" name="TC02_clickHereInChildFrameAndVerifyText" time="0.181"/>
</testsuite> <!-- UI Tests -->
