<?xml version="1.0" encoding="UTF-8"?>
<!-- Generated by org.testng.reporters.JUnitXMLReporter -->
<testsuite ignored="0" hostname="int-ntkhanh-laptop" failures="0" tests="4" name="UI Tests" time="14.272" errors="0" timestamp="2026-04-21T10:53:32 ICT">
  <testcase classname="tests.TooltipTest" name="TC01_hoverTooltipOnTop" time="0.149"/>
  <testcase classname="tests.TooltipTest" name="TC02_hoverTooltipOnRight" time="0.149"/>
  <testcase classname="tests.TooltipTest" name="TC03_hoverTooltipOnBottom" time="0.147"/>
  <testcase classname="tests.TooltipTest" name="TC04_hoverTooltipOnLeft" time="0.147"/>
</testsuite> <!-- UI Tests -->
