<?xml version="1.0" encoding="UTF-8"?>
<testng-results ignored="0" total="4" passed="4" failed="0" skipped="0">
  <reporter-output>
  </reporter-output>
  <suite started-at="2026-04-21T10:53:18 ICT" name="Regression Suite" finished-at="2026-04-21T10:53:32 ICT" duration-ms="14272">
    <groups>
    </groups>
    <test started-at="2026-04-21T10:53:18 ICT" name="UI Tests" finished-at="2026-04-21T10:53:32 ICT" duration-ms="14272">
      <class name="tests.TooltipTest">
        <test-method is-config="true" signature="setup()[pri:0, instance:tests.TooltipTest@418e7838]" started-at="2026-04-21T10:53:18 ICT" name="setup" finished-at="2026-04-21T10:53:22 ICT" duration-ms="4478" status="PASS">
          <reporter-output>
          </reporter-output>
        </test-method> <!-- setup -->
        <test-method is-config="true" signature="setupTest()[pri:0, instance:tests.TooltipTest@418e7838]" started-at="2026-04-21T10:53:22 ICT" name="setupTest" finished-at="2026-04-21T10:53:24 ICT" duration-ms="1438" status="PASS">
          <reporter-output>
          </reporter-output>
        </test-method> <!-- setupTest -->
        <test-method signature="TC01_hoverTooltipOnTop()[pri:0, instance:tests.TooltipTest@418e7838]" started-at="2026-04-21T10:53:24 ICT" name="TC01_hoverTooltipOnTop" finished-at="2026-04-21T10:53:24 ICT" duration-ms="149" status="PASS">
          <reporter-output>
          </reporter-output>
        </test-method> <!-- TC01_hoverTooltipOnTop -->
        <test-method is-config="true" signature="teardown()[pri:0, instance:tests.TooltipTest@418e7838]" started-at="2026-04-21T10:53:24 ICT" name="teardown" finished-at="2026-04-21T10:53:24 ICT" duration-ms="429" status="PASS">
          <reporter-output>
          </reporter-output>
        </test-method> <!-- teardown -->
        <test-method is-config="true" signature="setup()[pri:0, instance:tests.TooltipTest@418e7838]" started-at="2026-04-21T10:53:24 ICT" name="setup" finished-at="2026-04-21T10:53:26 ICT" duration-ms="1266" status="PASS">
          <reporter-output>
          </reporter-output>
        </test-method> <!-- setup -->
        <test-method is-config="true" signature="setupTest()[pri:0, instance:tests.TooltipTest@418e7838]" started-at="2026-04-21T10:53:26 ICT" name="setupTest" finished-at="2026-04-21T10:53:26 ICT" duration-ms="827" status="PASS">
          <reporter-output>
          </reporter-output>
        </test-method> <!-- setupTest -->
        <test-method signature="TC02_hoverTooltipOnRight()[pri:0, instance:tests.TooltipTest@418e7838]" started-at="2026-04-21T10:53:26 ICT" name="TC02_hoverTooltipOnRight" finished-at="2026-04-21T10:53:26 ICT" duration-ms="149" status="PASS">
          <reporter-output>
          </reporter-output>
        </test-method> <!-- TC02_hoverTooltipOnRight -->
        <test-method is-config="true" signature="teardown()[pri:0, instance:tests.TooltipTest@418e7838]" started-at="2026-04-21T10:53:26 ICT" name="teardown" finished-at="2026-04-21T10:53:27 ICT" duration-ms="347" status="PASS">
          <reporter-output>
          </reporter-output>
        </test-method> <!-- teardown -->
        <test-method is-config="true" signature="setup()[pri:0, instance:tests.TooltipTest@418e7838]" started-at="2026-04-21T10:53:27 ICT" name="setup" finished-at="2026-04-21T10:53:28 ICT" duration-ms="1277" status="PASS">
          <reporter-output>
          </reporter-output>
        </test-method> <!-- setup -->
        <test-method is-config="true" signature="setupTest()[pri:0, instance:tests.TooltipTest@418e7838]" started-at="2026-04-21T10:53:28 ICT" name="setupTest" finished-at="2026-04-21T10:53:29 ICT" duration-ms="842" status="PASS">
          <reporter-output>
          </reporter-output>
        </test-method> <!-- setupTest -->
        <test-method signature="TC03_hoverTooltipOnBottom()[pri:0, instance:tests.TooltipTest@418e7838]" started-at="2026-04-21T10:53:29 ICT" name="TC03_hoverTooltipOnBottom" finished-at="2026-04-21T10:53:29 ICT" duration-ms="147" status="PASS">
          <reporter-output>
          </reporter-output>
        </test-method> <!-- TC03_hoverTooltipOnBottom -->
        <test-method is-config="true" signature="teardown()[pri:0, instance:tests.TooltipTest@418e7838]" started-at="2026-04-21T10:53:29 ICT" name="teardown" finished-at="2026-04-21T10:53:29 ICT" duration-ms="345" status="PASS">
          <reporter-output>
          </reporter-output>
        </test-method> <!-- teardown -->
        <test-method is-config="true" signature="setup()[pri:0, instance:tests.TooltipTest@418e7838]" started-at="2026-04-21T10:53:29 ICT" name="setup" finished-at="2026-04-21T10:53:31 ICT" duration-ms="1269" status="PASS">
          <reporter-output>
          </reporter-output>
        </test-method> <!-- setup -->
        <test-method is-config="true" signature="setupTest()[pri:0, instance:tests.TooltipTest@418e7838]" started-at="2026-04-21T10:53:31 ICT" name="setupTest" finished-at="2026-04-21T10:53:31 ICT" duration-ms="738" status="PASS">
          <reporter-output>
          </reporter-output>
        </test-method> <!-- setupTest -->
        <test-method signature="TC04_hoverTooltipOnLeft()[pri:0, instance:tests.TooltipTest@418e7838]" started-at="2026-04-21T10:53:31 ICT" name="TC04_hoverTooltipOnLeft" finished-at="2026-04-21T10:53:32 ICT" duration-ms="147" status="PASS">
          <reporter-output>
          </reporter-output>
        </test-method> <!-- TC04_hoverTooltipOnLeft -->
        <test-method is-config="true" signature="teardown()[pri:0, instance:tests.TooltipTest@418e7838]" started-at="2026-04-21T10:53:32 ICT" name="teardown" finished-at="2026-04-21T10:53:32 ICT" duration-ms="384" status="PASS">
          <reporter-output>
          </reporter-output>
        </test-method> <!-- teardown -->
      </class> <!-- tests.TooltipTest -->
    </test> <!-- UI Tests -->
  </suite> <!-- Regression Suite -->
</testng-results>
