<?xml version="1.0" encoding="UTF-8"?>
<testng-results ignored="0" total="2" passed="2" failed="0" skipped="0">
  <reporter-output>
  </reporter-output>
  <suite started-at="2026-04-21T21:45:16 ICT" name="Regression Suite" finished-at="2026-04-21T21:45:26 ICT" duration-ms="10566">
    <groups>
    </groups>
    <test started-at="2026-04-21T21:45:16 ICT" name="UI Tests" finished-at="2026-04-21T21:45:26 ICT" duration-ms="10566">
      <class name="tests.FrameTest">
        <test-method is-config="true" signature="setup()[pri:0, instance:tests.FrameTest@4b5d6a01]" started-at="2026-04-21T21:45:16 ICT" name="setup" finished-at="2026-04-21T21:45:20 ICT" duration-ms="4442" status="PASS">
          <reporter-output>
          </reporter-output>
        </test-method> <!-- setup -->
        <test-method signature="clickSeleniumTutorialInIframe1()[pri:0, instance:tests.FrameTest@4b5d6a01]" started-at="2026-04-21T21:45:20 ICT" name="clickSeleniumTutorialInIframe1" finished-at="2026-04-21T21:45:23 ICT" duration-ms="2311" status="PASS">
          <reporter-output>
          </reporter-output>
        </test-method> <!-- clickSeleniumTutorialInIframe1 -->
        <test-method is-config="true" signature="teardown()[pri:0, instance:tests.FrameTest@4b5d6a01]" started-at="2026-04-21T21:45:23 ICT" name="teardown" finished-at="2026-04-21T21:45:23 ICT" duration-ms="459" status="PASS">
          <reporter-output>
          </reporter-output>
        </test-method> <!-- teardown -->
        <test-method is-config="true" signature="setup()[pri:0, instance:tests.FrameTest@4b5d6a01]" started-at="2026-04-21T21:45:23 ICT" name="setup" finished-at="2026-04-21T21:45:24 ICT" duration-ms="1325" status="PASS">
          <reporter-output>
          </reporter-output>
        </test-method> <!-- setup -->
        <test-method signature="clickSeleniumTutorialInIframe2()[pri:0, instance:tests.FrameTest@4b5d6a01]" started-at="2026-04-21T21:45:24 ICT" name="clickSeleniumTutorialInIframe2" finished-at="2026-04-21T21:45:26 ICT" duration-ms="1603" status="PASS">
          <reporter-output>
          </reporter-output>
        </test-method> <!-- clickSeleniumTutorialInIframe2 -->
        <test-method is-config="true" signature="teardown()[pri:0, instance:tests.FrameTest@4b5d6a01]" started-at="2026-04-21T21:45:26 ICT" name="teardown" finished-at="2026-04-21T21:45:26 ICT" duration-ms="391" status="PASS">
          <reporter-output>
          </reporter-output>
        </test-method> <!-- teardown -->
      </class> <!-- tests.FrameTest -->
    </test> <!-- UI Tests -->
  </suite> <!-- Regression Suite -->
</testng-results>
