<?xml version="1.0" encoding="UTF-8"?>
<!-- Generated by org.testng.reporters.JUnitReportReporter -->
<testsuite hostname="int-ntkhanh-laptop" failures="0" tests="4" name="tests.TooltipTest" time="14.232" errors="0" timestamp="2026-04-21T10:53:32 ICT" skipped="0">
  <testcase classname="tests.TooltipTest" name="TC01_hoverTooltipOnTop" time="2.604"/>
  <testcase classname="tests.TooltipTest" name="TC04_hoverTooltipOnLeft" time="5.708"/>
  <testcase classname="tests.TooltipTest" name="TC03_hoverTooltipOnBottom" time="3.283"/>
  <testcase classname="tests.TooltipTest" name="TC02_hoverTooltipOnRight" time="2.637"/>
</testsuite> <!-- tests.TooltipTest -->
