<?xml version="1.0" encoding="UTF-8"?>
<!-- Generated by org.testng.reporters.JUnitReportReporter -->
<testsuite hostname="int-ntkhanh-laptop" failures="0" tests="5" name="tests.ScreenshotTest" time="22.367" errors="0" timestamp="2026-05-06T10:12:33 ICT" skipped="0">
  <testcase classname="tests.ScreenshotTest" name="TC02_screenshotLoginFailed" time="6.570"/>
  <testcase classname="tests.ScreenshotTest" name="TC05_screenshotElementErrorMsg" time="3.866"/>
  <testcase classname="tests.ScreenshotTest" name="TC03_screenshotLoginSuccess" time="4.622"/>
  <testcase classname="tests.ScreenshotTest" name="TC01_screenshotLoginPage" time="3.664"/>
  <testcase classname="tests.ScreenshotTest" name="TC04_screenshotLoginFailedWithWrongPassword" time="3.645"/>
</testsuite> <!-- tests.ScreenshotTest -->
