<?xml version="1.0" encoding="UTF-8"?>
<!-- Generated by org.testng.reporters.JUnitReportReporter -->
<testsuite hostname="int-ntkhanh-laptop" failures="0" tests="2" name="tests.NestedFrameTest" time="16.923" errors="0" timestamp="2026-04-21T21:48:42 ICT" skipped="0">
  <testcase classname="tests.NestedFrameTest" name="TC02_clickHereInChildFrameAndVerifyText" time="6.887"/>
  <testcase classname="tests.NestedFrameTest" name="TC01_clickHereInParentFrameAndVerifyText" time="10.036"/>
</testsuite> <!-- tests.NestedFrameTest -->
